TN:
SF:utils/wastePriority.js
FN:2,(anonymous_0)
FN:5,(anonymous_1)
FN:8,(anonymous_2)
FN:20,(anonymous_3)
FN:72,(anonymous_4)
FN:74,(anonymous_5)
FN:84,(anonymous_6)
FNF:7
FNH:7
FNDA:24,(anonymous_0)
FNDA:20,(anonymous_1)
FNDA:4,(anonymous_2)
FNDA:4,(anonymous_3)
FNDA:1,(anonymous_4)
FNDA:2,(anonymous_5)
FNDA:1,(anonymous_6)
DA:2,24
DA:5,20
DA:8,1
DA:10,4
DA:12,3
DA:14,2
DA:16,2
DA:20,1
DA:22,4
DA:24,4
DA:26,4
DA:28,4
DA:30,4
DA:31,4
DA:32,4
DA:33,4
DA:36,4
DA:38,4
DA:40,4
DA:42,4
DA:44,4
DA:46,4
DA:48,4
DA:53,4
DA:55,4
DA:56,4
DA:57,4
DA:58,4
DA:59,4
DA:61,4
DA:64,4
DA:72,1
DA:75,2
DA:78,2
DA:84,1
DA:87,1
LF:36
LH:36
BRDA:5,0,0,18
BRDA:5,0,1,2
BRDA:10,1,0,1
BRDA:10,1,1,3
BRDA:12,2,0,1
BRDA:12,2,1,2
BRDA:14,3,0,0
BRDA:14,3,1,2
BRDA:24,4,0,4
BRDA:24,4,1,2
BRDA:24,4,2,2
BRDA:24,4,3,2
BRDA:40,5,0,4
BRDA:40,5,1,0
BRDA:55,6,0,2
BRDA:55,6,1,2
BRDA:56,7,0,2
BRDA:56,7,1,2
BRDA:57,8,0,2
BRDA:57,8,1,2
BRDA:57,9,0,4
BRDA:57,9,1,4
BRDA:57,9,2,2
BRDA:58,10,0,1
BRDA:58,10,1,3
BRDA:59,11,0,2
BRDA:59,11,1,2
BRDA:61,12,0,2
BRDA:61,12,1,2
BRDA:75,13,0,0
BRDA:75,13,1,2
BRF:31
BRH:28
end_of_record
